<?xml version="1.0" encoding="UTF-8"?>
<testsuite xmlns:xsi="http://www.w3.org/2001/XMLSchema-instance" xsi:noNamespaceSchemaLocation="https://maven.apache.org/surefire/maven-surefire-plugin/xsd/surefire-test-report.xsd" version="3.0.2" name="org.kickmyb.serveur.TestsServiceTache" time="5.637" tests="4" errors="0" skipped="0" failures="0">
  <properties>
[...]
</properties>
  <testcase name="testAjouterTacheOk" classname="org.kickmyb.serveur.TestsServiceTache" time="0.654">
    <system-out><![CDATA[2026-04-23T12:25:28.025-04:00  INFO 20216 --- [KickMyB] [           main] o.s.b.d.r.RestartApplicationListener     : Restart disabled due to context in which it is running

  .   ____          _            __ _ _
 /\\ / ___'_ __ _ _(_)_ __  __ _ \ \ \ \
( ( )\___ | '_ | '_| | '_ \/ _` | \ \ \ \
 \\/  ___)| |_)| | | | | || (_| |  ) ) ) )
  '  |____| .__|_| |_|_| |_\__, | / / / /
 =========|_|==============|___/=/_/_/_/

 :: Spring Boot ::                (v3.4.4)

2026-04-23T12:25:28.098-04:00  INFO 20216 --- [KickMyB] [           main] org.kickmyb.serveur.TestsServiceTache    : Starting TestsServiceTache using Java 21.0.7 with PID 20216 (started by 2378684 in C:\Users\2378684\Desktop\KickMyB-Server-main)
2026-04-23T12:25:28.099-04:00  INFO 20216 --- [KickMyB] [           main] org.kickmyb.serveur.TestsServiceTache    : No active profile set, falling back to 1 default profile: "default"
2026-04-23T12:25:28.843-04:00  INFO 20216 --- [KickMyB] [           main] .s.d.r.c.RepositoryConfigurationDelegate : Bootstrapping Spring Data JPA repositories in DEFAULT mode.
2026-04-23T12:25:28.868-04:00  INFO 20216 --- [KickMyB] [           main] .s.d.r.c.RepositoryConfigurationDelegate : Finished Spring Data repository scanning in 21 ms. Found 4 JPA repository interfaces.
2026-04-23T12:25:29.277-04:00  INFO 20216 --- [KickMyB] [           main] o.s.b.w.embedded.tomcat.TomcatWebServer  : Tomcat initialized with port 8080 (http)
2026-04-23T12:25:29.307-04:00  INFO 20216 --- [KickMyB] [           main] o.apache.catalina.core.StandardService   : Starting service [Tomcat]
2026-04-23T12:25:29.308-04:00  INFO 20216 --- [KickMyB] [           main] o.apache.catalina.core.StandardEngine    : Starting Servlet engine: [Apache Tomcat/10.1.39]
2026-04-23T12:25:29.380-04:00  INFO 20216 --- [KickMyB] [           main] o.a.c.c.C.[Tomcat].[localhost].[/]       : Initializing Spring embedded WebApplicationContext
2026-04-23T12:25:29.381-04:00  INFO 20216 --- [KickMyB] [           main] w.s.c.ServletWebServerApplicationContext : Root WebApplicationContext: initialization completed in 1279 ms
2026-04-23T12:25:29.466-04:00  INFO 20216 --- [KickMyB] [           main] o.hibernate.jpa.internal.util.LogHelper  : HHH000204: Processing PersistenceUnitInfo [name: default]
2026-04-23T12:25:29.469-04:00  INFO 20216 --- [KickMyB] [           main] o.h.c.internal.RegionFactoryInitiator    : HHH000026: Second-level cache disabled
2026-04-23T12:25:29.479-04:00  INFO 20216 --- [KickMyB] [           main] o.s.o.j.p.SpringPersistenceUnitInfo      : No LoadTimeWeaver setup: ignoring JPA class transformer
2026-04-23T12:25:29.481-04:00  INFO 20216 --- [KickMyB] [           main] com.zaxxer.hikari.HikariDataSource       : HikariPool-2 - Starting...
2026-04-23T12:25:29.484-04:00  INFO 20216 --- [KickMyB] [           main] com.zaxxer.hikari.pool.HikariPool        : HikariPool-2 - Added connection conn10: url=jdbc:h2:mem:tests user=SA
2026-04-23T12:25:29.484-04:00  INFO 20216 --- [KickMyB] [           main] com.zaxxer.hikari.HikariDataSource       : HikariPool-2 - Start completed.
2026-04-23T12:25:29.485-04:00  WARN 20216 --- [KickMyB] [           main] org.hibernate.orm.deprecation            : HHH90000025: H2Dialect does not need to be specified explicitly using 'hibernate.dialect' (remove the property setting and it will be selected by default)
2026-04-23T12:25:29.485-04:00  INFO 20216 --- [KickMyB] [           main] org.hibernate.orm.connections.pooling    : HHH10001005: Database info:
	Database JDBC URL [Connecting through datasource 'HikariDataSource (HikariPool-2)']
	Database driver: undefined/unknown
	Database version: 2.3.232
	Autocommit mode: undefined/unknown
	Isolation level: undefined/unknown
	Minimum pool size: undefined/unknown
	Maximum pool size: undefined/unknown
Hibernate: create global temporary table HTE_mavancement(nouveau_pourcentage integer, rn_ integer not null, date timestamp(6), id bigint, primary key (rn_)) TRANSACTIONAL
Hibernate: create global temporary table HTE_mtache(rn_ integer not null, date_creation timestamp(6), date_limite timestamp(6), id bigint, photo_id bigint, nom varchar(255), primary key (rn_)) TRANSACTIONAL
Hibernate: create global temporary table HTE_mutilisateur(rn_ integer not null, id bigint, mot_de_passe varchar(255), nom varchar(255), primary key (rn_)) TRANSACTIONAL
Hibernate: create global temporary table HTE_mphoto(rn_ integer not null, id bigint, type_contenu varchar(255), blob blob, primary key (rn_)) TRANSACTIONAL
2026-04-23T12:25:29.572-04:00  INFO 20216 --- [KickMyB] [           main] o.h.e.t.j.p.i.JtaPlatformInitiator       : HHH000489: No JTA platform available (set 'hibernate.transaction.jta.platform' to enable JTA platform integration)
Hibernate: drop table if exists mavancement cascade 
Hibernate: drop table if exists mphoto cascade 
Hibernate: drop table if exists mtache cascade 
Hibernate: drop table if exists mtache_avancements cascade 
Hibernate: drop table if exists mutilisateur cascade 
Hibernate: drop table if exists mutilisateur_taches cascade 
Hibernate: drop sequence if exists mavancement_seq
Hibernate: drop sequence if exists mphoto_seq
Hibernate: drop sequence if exists mtache_seq
Hibernate: drop sequence if exists mutilisateur_seq
Hibernate: create sequence mavancement_seq start with 1 increment by 50
Hibernate: create sequence mphoto_seq start with 1 increment by 50
Hibernate: create sequence mtache_seq start with 1 increment by 50
Hibernate: create sequence mutilisateur_seq start with 1 increment by 50
Hibernate: create table mavancement (nouveau_pourcentage integer not null, date timestamp(6), id bigint not null, primary key (id))
Hibernate: create table mphoto (id bigint not null, type_contenu varchar(255), blob blob, primary key (id))
Hibernate: create table mtache (date_creation timestamp(6), date_limite timestamp(6), id bigint not null, photo_id bigint unique, nom varchar(255), primary key (id))
Hibernate: create table mtache_avancements (avancements_id bigint not null unique, mtache_id bigint not null)
Hibernate: create table mutilisateur (id bigint not null, mot_de_passe varchar(255), nom varchar(255) unique, primary key (id))
Hibernate: create table mutilisateur_taches (mutilisateur_id bigint not null, taches_id bigint not null unique)
Hibernate: alter table if exists mtache add constraint FK7bodqs027exkofb92rcfgtknw foreign key (photo_id) references mphoto
Hibernate: alter table if exists mtache_avancements add constraint FKepvlc1eti28nj6hhq43n285ke foreign key (avancements_id) references mavancement
Hibernate: alter table if exists mtache_avancements add constraint FKb6r3ex650u7x2ex6mm1cw7p0m foreign key (mtache_id) references mtache
Hibernate: alter table if exists mutilisateur_taches add constraint FKs2lpcbxdux4u4h936r6r4x7my foreign key (taches_id) references mtache
Hibernate: alter table if exists mutilisateur_taches add constraint FKmntqqsqph01mai4j8qjmc5v7j foreign key (mutilisateur_id) references mutilisateur
2026-04-23T12:25:29.591-04:00  INFO 20216 --- [KickMyB] [           main] j.LocalContainerEntityManagerFactoryBean : Initialized JPA EntityManagerFactory for persistence unit 'default'
2026-04-23T12:25:29.703-04:00  WARN 20216 --- [KickMyB] [           main] JpaBaseConfiguration$JpaWebConfiguration : spring.jpa.open-in-view is enabled by default. Therefore, database queries may be performed during view rendering. Explicitly configure spring.jpa.open-in-view to disable this warning
2026-04-23T12:25:29.714-04:00  INFO 20216 --- [KickMyB] [           main] r$InitializeUserDetailsManagerConfigurer : Global AuthenticationManager configured with UserDetailsService bean with name serviceUtilisateur
2026-04-23T12:25:29.733-04:00  INFO 20216 --- [KickMyB] [           main] o.s.b.a.w.s.WelcomePageHandlerMapping    : Adding welcome page template: index
2026-04-23T12:25:29.810-04:00  INFO 20216 --- [KickMyB] [           main] o.s.v.b.OptionalValidatorFactoryBean     : Failed to set up a Bean Validation provider: jakarta.validation.NoProviderFoundException: Unable to create a Configuration, because no Jakarta Bean Validation provider could be found. Add a provider like Hibernate Validator (RI) to your classpath.
2026-04-23T12:25:29.869-04:00  INFO 20216 --- [KickMyB] [           main] o.s.b.a.h2.H2ConsoleAutoConfiguration    : H2 console available at '/h2-console'. Database available at 'jdbc:h2:mem:tests'
2026-04-23T12:25:30.249-04:00  INFO 20216 --- [KickMyB] [           main] o.s.b.w.embedded.tomcat.TomcatWebServer  : Tomcat started on port 8080 (http) with context path '/'
2026-04-23T12:25:30.254-04:00  INFO 20216 --- [KickMyB] [           main] org.kickmyb.serveur.TestsServiceTache    : Started TestsServiceTache in 2.23 seconds (process running for 12.899)
Hibernate: select next value for mutilisateur_seq
Hibernate: insert into mutilisateur (mot_de_passe,nom,id) values (?,?,?)
Hibernate: select m1_0.id,m1_0.mot_de_passe,m1_0.nom from mutilisateur m1_0 where m1_0.nom=?
Hibernate: select t1_0.mutilisateur_id,t1_1.id,t1_1.date_creation,t1_1.date_limite,t1_1.nom,p1_0.id,p1_0.blob,p1_0.type_contenu from mutilisateur_taches t1_0 join mtache t1_1 on t1_1.id=t1_0.taches_id left join mphoto p1_0 on p1_0.id=t1_1.photo_id where t1_0.mutilisateur_id=?
Hibernate: select m1_0.id,m1_0.mot_de_passe,m1_0.nom,t1_0.mutilisateur_id,t1_1.id,t1_1.date_creation,t1_1.date_limite,t1_1.nom,p1_0.id,p1_0.blob,p1_0.type_contenu from mutilisateur m1_0 left join mutilisateur_taches t1_0 on m1_0.id=t1_0.mutilisateur_id left join mtache t1_1 on t1_1.id=t1_0.taches_id left join mphoto p1_0 on p1_0.id=t1_1.photo_id where m1_0.id=?
Hibernate: select next value for mtache_seq
Hibernate: insert into mtache (date_creation,date_limite,nom,photo_id,id) values (?,?,?,?,?)
Hibernate: insert into mutilisateur_taches (mutilisateur_id,taches_id) values (?,?)
Hibernate: select m1_0.id,m1_0.mot_de_passe,m1_0.nom,t1_0.mutilisateur_id,t1_1.id,t1_1.date_creation,t1_1.date_limite,t1_1.nom,p1_0.id,p1_0.blob,p1_0.type_contenu from mutilisateur m1_0 left join mutilisateur_taches t1_0 on m1_0.id=t1_0.mutilisateur_id left join mtache t1_1 on t1_1.id=t1_0.taches_id left join mphoto p1_0 on p1_0.id=t1_1.photo_id where m1_0.id=?
Hibernate: select a1_0.mtache_id,a1_1.id,a1_1.date,a1_1.nouveau_pourcentage from mtache_avancements a1_0 join mavancement a1_1 on a1_1.id=a1_0.avancements_id where a1_0.mtache_id=?
2026-04-23T12:25:30.847-04:00  INFO 20216 --- [KickMyB] [           main] o.s.b.w.e.tomcat.GracefulShutdown        : Commencing graceful shutdown. Waiting for active requests to complete
2026-04-23T12:25:30.862-04:00  INFO 20216 --- [KickMyB] [tomcat-shutdown] o.s.b.w.e.tomcat.GracefulShutdown        : Graceful shutdown complete
2026-04-23T12:25:30.868-04:00  INFO 20216 --- [KickMyB] [           main] j.LocalContainerEntityManagerFactoryBean : Closing JPA EntityManagerFactory for persistence unit 'default'
Hibernate: drop table if exists mavancement cascade 
Hibernate: drop table if exists mphoto cascade 
Hibernate: drop table if exists mtache cascade 
Hibernate: drop table if exists mtache_avancements cascade 
Hibernate: drop table if exists mutilisateur cascade 
Hibernate: drop table if exists mutilisateur_taches cascade 
Hibernate: drop sequence if exists mavancement_seq
Hibernate: drop sequence if exists mphoto_seq
Hibernate: drop sequence if exists mtache_seq
Hibernate: drop sequence if exists mutilisateur_seq
2026-04-23T12:25:30.880-04:00  INFO 20216 --- [KickMyB] [           main] com.zaxxer.hikari.HikariDataSource       : HikariPool-2 - Shutdown initiated...
2026-04-23T12:25:30.886-04:00  INFO 20216 --- [KickMyB] [           main] com.zaxxer.hikari.HikariDataSource       : HikariPool-2 - Shutdown completed.
]]></system-out>
  </testcase>
  <testcase name="testAjouterTacheNomVideKo" classname="org.kickmyb.serveur.TestsServiceTache" time="0.146">
    <system-out><![CDATA[2026-04-23T12:25:30.917-04:00  INFO 20216 --- [KickMyB] [           main] o.s.b.d.r.RestartApplicationListener     : Restart disabled due to context in which it is running

  .   ____          _            __ _ _
 /\\ / ___'_ __ _ _(_)_ __  __ _ \ \ \ \
( ( )\___ | '_ | '_| | '_ \/ _` | \ \ \ \
 \\/  ___)| |_)| | | | | || (_| |  ) ) ) )
  '  |____| .__|_| |_|_| |_\__, | / / / /
 =========|_|==============|___/=/_/_/_/

 :: Spring Boot ::                (v3.4.4)

2026-04-23T12:25:30.951-04:00  INFO 20216 --- [KickMyB-Tests] [           main] org.kickmyb.serveur.TestsServiceTache    : Starting TestsServiceTache using Java 21.0.7 with PID 20216 (started by 2378684 in C:\Users\2378684\Desktop\KickMyB-Server-main)
2026-04-23T12:25:30.951-04:00  INFO 20216 --- [KickMyB-Tests] [           main] org.kickmyb.serveur.TestsServiceTache    : No active profile set, falling back to 1 default profile: "default"
2026-04-23T12:25:31.209-04:00  INFO 20216 --- [KickMyB-Tests] [           main] .s.d.r.c.RepositoryConfigurationDelegate : Bootstrapping Spring Data JPA repositories in DEFAULT mode.
2026-04-23T12:25:31.225-04:00  INFO 20216 --- [KickMyB-Tests] [           main] .s.d.r.c.RepositoryConfigurationDelegate : Finished Spring Data repository scanning in 14 ms. Found 4 JPA repository interfaces.
2026-04-23T12:25:31.325-04:00  INFO 20216 --- [KickMyB-Tests] [           main] o.s.b.w.embedded.tomcat.TomcatWebServer  : Tomcat initialized with port 8080 (http)
2026-04-23T12:25:31.326-04:00  INFO 20216 --- [KickMyB-Tests] [           main] o.apache.catalina.core.StandardService   : Starting service [Tomcat]
2026-04-23T12:25:31.327-04:00  INFO 20216 --- [KickMyB-Tests] [           main] o.apache.catalina.core.StandardEngine    : Starting Servlet engine: [Apache Tomcat/10.1.39]
2026-04-23T12:25:31.359-04:00  INFO 20216 --- [KickMyB-Tests] [           main] o.a.c.c.C.[Tomcat].[localhost].[/]       : Initializing Spring embedded WebApplicationContext
2026-04-23T12:25:31.359-04:00  INFO 20216 --- [KickMyB-Tests] [           main] w.s.c.ServletWebServerApplicationContext : Root WebApplicationContext: initialization completed in 405 ms
2026-04-23T12:25:31.401-04:00  INFO 20216 --- [KickMyB-Tests] [           main] o.hibernate.jpa.internal.util.LogHelper  : HHH000204: Processing PersistenceUnitInfo [name: default]
2026-04-23T12:25:31.404-04:00  INFO 20216 --- [KickMyB-Tests] [           main] o.h.c.internal.RegionFactoryInitiator    : HHH000026: Second-level cache disabled
2026-04-23T12:25:31.417-04:00  INFO 20216 --- [KickMyB-Tests] [           main] o.s.o.j.p.SpringPersistenceUnitInfo      : No LoadTimeWeaver setup: ignoring JPA class transformer
2026-04-23T12:25:31.418-04:00  INFO 20216 --- [KickMyB-Tests] [           main] com.zaxxer.hikari.HikariDataSource       : HikariPool-3 - Starting...
2026-04-23T12:25:31.421-04:00  INFO 20216 --- [KickMyB-Tests] [           main] com.zaxxer.hikari.pool.HikariPool        : HikariPool-3 - Added connection conn20: url=jdbc:h2:mem:tests user=SA
2026-04-23T12:25:31.422-04:00  INFO 20216 --- [KickMyB-Tests] [           main] com.zaxxer.hikari.HikariDataSource       : HikariPool-3 - Start completed.
2026-04-23T12:25:31.422-04:00  WARN 20216 --- [KickMyB-Tests] [           main] org.hibernate.orm.deprecation            : HHH90000025: H2Dialect does not need to be specified explicitly using 'hibernate.dialect' (remove the property setting and it will be selected by default)
2026-04-23T12:25:31.423-04:00  INFO 20216 --- [KickMyB-Tests] [           main] org.hibernate.orm.connections.pooling    : HHH10001005: Database info:
	Database JDBC URL [Connecting through datasource 'HikariDataSource (HikariPool-3)']
	Database driver: undefined/unknown
	Database version: 2.3.232
	Autocommit mode: undefined/unknown
	Isolation level: undefined/unknown
	Minimum pool size: undefined/unknown
	Maximum pool size: undefined/unknown
Hibernate: create global temporary table HTE_mavancement(nouveau_pourcentage integer, rn_ integer not null, date timestamp(6), id bigint, primary key (rn_)) TRANSACTIONAL
Hibernate: create global temporary table HTE_mtache(rn_ integer not null, date_creation timestamp(6), date_limite timestamp(6), id bigint, photo_id bigint, nom varchar(255), primary key (rn_)) TRANSACTIONAL
Hibernate: create global temporary table HTE_mutilisateur(rn_ integer not null, id bigint, mot_de_passe varchar(255), nom varchar(255), primary key (rn_)) TRANSACTIONAL
Hibernate: create global temporary table HTE_mphoto(rn_ integer not null, id bigint, type_contenu varchar(255), blob blob, primary key (rn_)) TRANSACTIONAL
2026-04-23T12:25:31.513-04:00  INFO 20216 --- [KickMyB-Tests] [           main] o.h.e.t.j.p.i.JtaPlatformInitiator       : HHH000489: No JTA platform available (set 'hibernate.transaction.jta.platform' to enable JTA platform integration)
Hibernate: drop table if exists mavancement cascade 
Hibernate: drop table if exists mphoto cascade 
Hibernate: drop table if exists mtache cascade 
Hibernate: drop table if exists mtache_avancements cascade 
Hibernate: drop table if exists mutilisateur cascade 
Hibernate: drop table if exists mutilisateur_taches cascade 
Hibernate: drop sequence if exists mavancement_seq
Hibernate: drop sequence if exists mphoto_seq
Hibernate: drop sequence if exists mtache_seq
Hibernate: drop sequence if exists mutilisateur_seq
Hibernate: create sequence mavancement_seq start with 1 increment by 50
Hibernate: create sequence mphoto_seq start with 1 increment by 50
Hibernate: create sequence mtache_seq start with 1 increment by 50
Hibernate: create sequence mutilisateur_seq start with 1 increment by 50
Hibernate: create table mavancement (nouveau_pourcentage integer not null, date timestamp(6), id bigint not null, primary key (id))
Hibernate: create table mphoto (id bigint not null, type_contenu varchar(255), blob blob, primary key (id))
Hibernate: create table mtache (date_creation timestamp(6), date_limite timestamp(6), id bigint not null, photo_id bigint unique, nom varchar(255), primary key (id))
Hibernate: create table mtache_avancements (avancements_id bigint not null unique, mtache_id bigint not null)
Hibernate: create table mutilisateur (id bigint not null, mot_de_passe varchar(255), nom varchar(255) unique, primary key (id))
Hibernate: create table mutilisateur_taches (mutilisateur_id bigint not null, taches_id bigint not null unique)
Hibernate: alter table if exists mtache add constraint FK7bodqs027exkofb92rcfgtknw foreign key (photo_id) references mphoto
Hibernate: alter table if exists mtache_avancements add constraint FKepvlc1eti28nj6hhq43n285ke foreign key (avancements_id) references mavancement
Hibernate: alter table if exists mtache_avancements add constraint FKb6r3ex650u7x2ex6mm1cw7p0m foreign key (mtache_id) references mtache
Hibernate: alter table if exists mutilisateur_taches add constraint FKs2lpcbxdux4u4h936r6r4x7my foreign key (taches_id) references mtache
Hibernate: alter table if exists mutilisateur_taches add constraint FKmntqqsqph01mai4j8qjmc5v7j foreign key (mutilisateur_id) references mutilisateur
2026-04-23T12:25:31.529-04:00  INFO 20216 --- [KickMyB-Tests] [           main] j.LocalContainerEntityManagerFactoryBean : Initialized JPA EntityManagerFactory for persistence unit 'default'
2026-04-23T12:25:31.609-04:00  WARN 20216 --- [KickMyB-Tests] [           main] JpaBaseConfiguration$JpaWebConfiguration : spring.jpa.open-in-view is enabled by default. Therefore, database queries may be performed during view rendering. Explicitly configure spring.jpa.open-in-view to disable this warning
2026-04-23T12:25:31.617-04:00  INFO 20216 --- [KickMyB-Tests] [           main] r$InitializeUserDetailsManagerConfigurer : Global AuthenticationManager configured with UserDetailsService bean with name serviceUtilisateur
2026-04-23T12:25:31.650-04:00  INFO 20216 --- [KickMyB-Tests] [           main] o.s.b.a.w.s.WelcomePageHandlerMapping    : Adding welcome page template: index
2026-04-23T12:25:31.706-04:00  INFO 20216 --- [KickMyB-Tests] [           main] o.s.v.b.OptionalValidatorFactoryBean     : Failed to set up a Bean Validation provider: jakarta.validation.NoProviderFoundException: Unable to create a Configuration, because no Jakarta Bean Validation provider could be found. Add a provider like Hibernate Validator (RI) to your classpath.
2026-04-23T12:25:31.744-04:00  INFO 20216 --- [KickMyB-Tests] [           main] o.s.b.a.h2.H2ConsoleAutoConfiguration    : H2 console available at '/h2-console'. Database available at 'jdbc:h2:mem:tests'
2026-04-23T12:25:31.773-04:00  INFO 20216 --- [KickMyB-Tests] [           main] o.s.b.w.embedded.tomcat.TomcatWebServer  : Tomcat started on port 8080 (http) with context path '/'
2026-04-23T12:25:31.779-04:00  INFO 20216 --- [KickMyB-Tests] [           main] org.kickmyb.serveur.TestsServiceTache    : Started TestsServiceTache in 0.862 seconds (process running for 14.424)
Hibernate: select next value for mutilisateur_seq
Hibernate: insert into mutilisateur (mot_de_passe,nom,id) values (?,?,?)
Hibernate: select m1_0.id,m1_0.mot_de_passe,m1_0.nom from mutilisateur m1_0 where m1_0.nom=?
Hibernate: select t1_0.mutilisateur_id,t1_1.id,t1_1.date_creation,t1_1.date_limite,t1_1.nom,p1_0.id,p1_0.blob,p1_0.type_contenu from mutilisateur_taches t1_0 join mtache t1_1 on t1_1.id=t1_0.taches_id left join mphoto p1_0 on p1_0.id=t1_1.photo_id where t1_0.mutilisateur_id=?
Hibernate: select m1_0.id,m1_0.mot_de_passe,m1_0.nom,t1_0.mutilisateur_id,t1_1.id,t1_1.date_creation,t1_1.date_limite,t1_1.nom,p1_0.id,p1_0.blob,p1_0.type_contenu from mutilisateur m1_0 left join mutilisateur_taches t1_0 on m1_0.id=t1_0.mutilisateur_id left join mtache t1_1 on t1_1.id=t1_0.taches_id left join mphoto p1_0 on p1_0.id=t1_1.photo_id where m1_0.id=?
Hibernate: select m1_0.id,m1_0.mot_de_passe,m1_0.nom,t1_0.mutilisateur_id,t1_1.id,t1_1.date_creation,t1_1.date_limite,t1_1.nom,p1_0.id,p1_0.blob,p1_0.type_contenu from mutilisateur m1_0 left join mutilisateur_taches t1_0 on m1_0.id=t1_0.mutilisateur_id left join mtache t1_1 on t1_1.id=t1_0.taches_id left join mphoto p1_0 on p1_0.id=t1_1.photo_id where m1_0.id=?
2026-04-23T12:25:31.904-04:00  INFO 20216 --- [KickMyB-Tests] [           main] o.s.b.w.e.tomcat.GracefulShutdown        : Commencing graceful shutdown. Waiting for active requests to complete
2026-04-23T12:25:31.915-04:00  INFO 20216 --- [KickMyB-Tests] [tomcat-shutdown] o.s.b.w.e.tomcat.GracefulShutdown        : Graceful shutdown complete
2026-04-23T12:25:31.918-04:00  INFO 20216 --- [KickMyB-Tests] [           main] j.LocalContainerEntityManagerFactoryBean : Closing JPA EntityManagerFactory for persistence unit 'default'
Hibernate: drop table if exists mavancement cascade 
Hibernate: drop table if exists mphoto cascade 
Hibernate: drop table if exists mtache cascade 
Hibernate: drop table if exists mtache_avancements cascade 
Hibernate: drop table if exists mutilisateur cascade 
Hibernate: drop table if exists mutilisateur_taches cascade 
Hibernate: drop sequence if exists mavancement_seq
Hibernate: drop sequence if exists mphoto_seq
Hibernate: drop sequence if exists mtache_seq
Hibernate: drop sequence if exists mutilisateur_seq
2026-04-23T12:25:31.923-04:00  INFO 20216 --- [KickMyB-Tests] [           main] com.zaxxer.hikari.HikariDataSource       : HikariPool-3 - Shutdown initiated...
2026-04-23T12:25:31.924-04:00  INFO 20216 --- [KickMyB-Tests] [           main] com.zaxxer.hikari.HikariDataSource       : HikariPool-3 - Shutdown completed.
]]></system-out>
  </testcase>
  <testcase name="testAjouterTacheNomTropCourtKo" classname="org.kickmyb.serveur.TestsServiceTache" time="0.128">
    <system-out><![CDATA[2026-04-23T12:25:31.932-04:00  INFO 20216 --- [KickMyB-Tests] [           main] o.s.b.d.r.RestartApplicationListener     : Restart disabled due to context in which it is running

  .   ____          _            __ _ _
 /\\ / ___'_ __ _ _(_)_ __  __ _ \ \ \ \
( ( )\___ | '_ | '_| | '_ \/ _` | \ \ \ \
 \\/  ___)| |_)| | | | | || (_| |  ) ) ) )
  '  |____| .__|_| |_|_| |_\__, | / / / /
 =========|_|==============|___/=/_/_/_/

 :: Spring Boot ::                (v3.4.4)

2026-04-23T12:25:31.960-04:00  INFO 20216 --- [KickMyB-Tests] [           main] org.kickmyb.serveur.TestsServiceTache    : Starting TestsServiceTache using Java 21.0.7 with PID 20216 (started by 2378684 in C:\Users\2378684\Desktop\KickMyB-Server-main)
2026-04-23T12:25:31.961-04:00  INFO 20216 --- [KickMyB-Tests] [           main] org.kickmyb.serveur.TestsServiceTache    : No active profile set, falling back to 1 default profile: "default"
2026-04-23T12:25:32.157-04:00  INFO 20216 --- [KickMyB-Tests] [           main] .s.d.r.c.RepositoryConfigurationDelegate : Bootstrapping Spring Data JPA repositories in DEFAULT mode.
2026-04-23T12:25:32.173-04:00  INFO 20216 --- [KickMyB-Tests] [           main] .s.d.r.c.RepositoryConfigurationDelegate : Finished Spring Data repository scanning in 14 ms. Found 4 JPA repository interfaces.
2026-04-23T12:25:32.254-04:00  INFO 20216 --- [KickMyB-Tests] [           main] o.s.b.w.embedded.tomcat.TomcatWebServer  : Tomcat initialized with port 8080 (http)
2026-04-23T12:25:32.255-04:00  INFO 20216 --- [KickMyB-Tests] [           main] o.apache.catalina.core.StandardService   : Starting service [Tomcat]
2026-04-23T12:25:32.256-04:00  INFO 20216 --- [KickMyB-Tests] [           main] o.apache.catalina.core.StandardEngine    : Starting Servlet engine: [Apache Tomcat/10.1.39]
2026-04-23T12:25:32.293-04:00  INFO 20216 --- [KickMyB-Tests] [           main] o.a.c.c.C.[Tomcat].[localhost].[/]       : Initializing Spring embedded WebApplicationContext
2026-04-23T12:25:32.293-04:00  INFO 20216 --- [KickMyB-Tests] [           main] w.s.c.ServletWebServerApplicationContext : Root WebApplicationContext: initialization completed in 330 ms
2026-04-23T12:25:32.326-04:00  INFO 20216 --- [KickMyB-Tests] [           main] o.hibernate.jpa.internal.util.LogHelper  : HHH000204: Processing PersistenceUnitInfo [name: default]
2026-04-23T12:25:32.330-04:00  INFO 20216 --- [KickMyB-Tests] [           main] o.h.c.internal.RegionFactoryInitiator    : HHH000026: Second-level cache disabled
2026-04-23T12:25:32.339-04:00  INFO 20216 --- [KickMyB-Tests] [           main] o.s.o.j.p.SpringPersistenceUnitInfo      : No LoadTimeWeaver setup: ignoring JPA class transformer
2026-04-23T12:25:32.341-04:00  INFO 20216 --- [KickMyB-Tests] [           main] com.zaxxer.hikari.HikariDataSource       : HikariPool-4 - Starting...
2026-04-23T12:25:32.344-04:00  INFO 20216 --- [KickMyB-Tests] [           main] com.zaxxer.hikari.pool.HikariPool        : HikariPool-4 - Added connection conn30: url=jdbc:h2:mem:tests user=SA
2026-04-23T12:25:32.344-04:00  INFO 20216 --- [KickMyB-Tests] [           main] com.zaxxer.hikari.HikariDataSource       : HikariPool-4 - Start completed.
2026-04-23T12:25:32.345-04:00  WARN 20216 --- [KickMyB-Tests] [           main] org.hibernate.orm.deprecation            : HHH90000025: H2Dialect does not need to be specified explicitly using 'hibernate.dialect' (remove the property setting and it will be selected by default)
2026-04-23T12:25:32.345-04:00  INFO 20216 --- [KickMyB-Tests] [           main] org.hibernate.orm.connections.pooling    : HHH10001005: Database info:
	Database JDBC URL [Connecting through datasource 'HikariDataSource (HikariPool-4)']
	Database driver: undefined/unknown
	Database version: 2.3.232
	Autocommit mode: undefined/unknown
	Isolation level: undefined/unknown
	Minimum pool size: undefined/unknown
	Maximum pool size: undefined/unknown
Hibernate: create global temporary table HTE_mavancement(nouveau_pourcentage integer, rn_ integer not null, date timestamp(6), id bigint, primary key (rn_)) TRANSACTIONAL
Hibernate: create global temporary table HTE_mtache(rn_ integer not null, date_creation timestamp(6), date_limite timestamp(6), id bigint, photo_id bigint, nom varchar(255), primary key (rn_)) TRANSACTIONAL
Hibernate: create global temporary table HTE_mutilisateur(rn_ integer not null, id bigint, mot_de_passe varchar(255), nom varchar(255), primary key (rn_)) TRANSACTIONAL
Hibernate: create global temporary table HTE_mphoto(rn_ integer not null, id bigint, type_contenu varchar(255), blob blob, primary key (rn_)) TRANSACTIONAL
2026-04-23T12:25:32.431-04:00  INFO 20216 --- [KickMyB-Tests] [           main] o.h.e.t.j.p.i.JtaPlatformInitiator       : HHH000489: No JTA platform available (set 'hibernate.transaction.jta.platform' to enable JTA platform integration)
Hibernate: drop table if exists mavancement cascade 
Hibernate: drop table if exists mphoto cascade 
Hibernate: drop table if exists mtache cascade 
Hibernate: drop table if exists mtache_avancements cascade 
Hibernate: drop table if exists mutilisateur cascade 
Hibernate: drop table if exists mutilisateur_taches cascade 
Hibernate: drop sequence if exists mavancement_seq
Hibernate: drop sequence if exists mphoto_seq
Hibernate: drop sequence if exists mtache_seq
Hibernate: drop sequence if exists mutilisateur_seq
Hibernate: create sequence mavancement_seq start with 1 increment by 50
Hibernate: create sequence mphoto_seq start with 1 increment by 50
Hibernate: create sequence mtache_seq start with 1 increment by 50
Hibernate: create sequence mutilisateur_seq start with 1 increment by 50
Hibernate: create table mavancement (nouveau_pourcentage integer not null, date timestamp(6), id bigint not null, primary key (id))
Hibernate: create table mphoto (id bigint not null, type_contenu varchar(255), blob blob, primary key (id))
Hibernate: create table mtache (date_creation timestamp(6), date_limite timestamp(6), id bigint not null, photo_id bigint unique, nom varchar(255), primary key (id))
Hibernate: create table mtache_avancements (avancements_id bigint not null unique, mtache_id bigint not null)
Hibernate: create table mutilisateur (id bigint not null, mot_de_passe varchar(255), nom varchar(255) unique, primary key (id))
Hibernate: create table mutilisateur_taches (mutilisateur_id bigint not null, taches_id bigint not null unique)
Hibernate: alter table if exists mtache add constraint FK7bodqs027exkofb92rcfgtknw foreign key (photo_id) references mphoto
Hibernate: alter table if exists mtache_avancements add constraint FKepvlc1eti28nj6hhq43n285ke foreign key (avancements_id) references mavancement
Hibernate: alter table if exists mtache_avancements add constraint FKb6r3ex650u7x2ex6mm1cw7p0m foreign key (mtache_id) references mtache
Hibernate: alter table if exists mutilisateur_taches add constraint FKs2lpcbxdux4u4h936r6r4x7my foreign key (taches_id) references mtache
Hibernate: alter table if exists mutilisateur_taches add constraint FKmntqqsqph01mai4j8qjmc5v7j foreign key (mutilisateur_id) references mutilisateur
2026-04-23T12:25:32.446-04:00  INFO 20216 --- [KickMyB-Tests] [           main] j.LocalContainerEntityManagerFactoryBean : Initialized JPA EntityManagerFactory for persistence unit 'default'
2026-04-23T12:25:32.518-04:00  WARN 20216 --- [KickMyB-Tests] [           main] JpaBaseConfiguration$JpaWebConfiguration : spring.jpa.open-in-view is enabled by default. Therefore, database queries may be performed during view rendering. Explicitly configure spring.jpa.open-in-view to disable this warning
2026-04-23T12:25:32.523-04:00  INFO 20216 --- [KickMyB-Tests] [           main] r$InitializeUserDetailsManagerConfigurer : Global AuthenticationManager configured with UserDetailsService bean with name serviceUtilisateur
2026-04-23T12:25:32.536-04:00  INFO 20216 --- [KickMyB-Tests] [           main] o.s.b.a.w.s.WelcomePageHandlerMapping    : Adding welcome page template: index
2026-04-23T12:25:32.582-04:00  INFO 20216 --- [KickMyB-Tests] [           main] o.s.v.b.OptionalValidatorFactoryBean     : Failed to set up a Bean Validation provider: jakarta.validation.NoProviderFoundException: Unable to create a Configuration, because no Jakarta Bean Validation provider could be found. Add a provider like Hibernate Validator (RI) to your classpath.
2026-04-23T12:25:32.623-04:00  INFO 20216 --- [KickMyB-Tests] [           main] o.s.b.a.h2.H2ConsoleAutoConfiguration    : H2 console available at '/h2-console'. Database available at 'jdbc:h2:mem:tests'
2026-04-23T12:25:32.671-04:00  INFO 20216 --- [KickMyB-Tests] [           main] o.s.b.w.embedded.tomcat.TomcatWebServer  : Tomcat started on port 8080 (http) with context path '/'
2026-04-23T12:25:32.677-04:00  INFO 20216 --- [KickMyB-Tests] [           main] org.kickmyb.serveur.TestsServiceTache    : Started TestsServiceTache in 0.745 seconds (process running for 15.322)
Hibernate: select next value for mutilisateur_seq
Hibernate: insert into mutilisateur (mot_de_passe,nom,id) values (?,?,?)
Hibernate: select m1_0.id,m1_0.mot_de_passe,m1_0.nom from mutilisateur m1_0 where m1_0.nom=?
Hibernate: select t1_0.mutilisateur_id,t1_1.id,t1_1.date_creation,t1_1.date_limite,t1_1.nom,p1_0.id,p1_0.blob,p1_0.type_contenu from mutilisateur_taches t1_0 join mtache t1_1 on t1_1.id=t1_0.taches_id left join mphoto p1_0 on p1_0.id=t1_1.photo_id where t1_0.mutilisateur_id=?
Hibernate: select m1_0.id,m1_0.mot_de_passe,m1_0.nom,t1_0.mutilisateur_id,t1_1.id,t1_1.date_creation,t1_1.date_limite,t1_1.nom,p1_0.id,p1_0.blob,p1_0.type_contenu from mutilisateur m1_0 left join mutilisateur_taches t1_0 on m1_0.id=t1_0.mutilisateur_id left join mtache t1_1 on t1_1.id=t1_0.taches_id left join mphoto p1_0 on p1_0.id=t1_1.photo_id where m1_0.id=?
Hibernate: select m1_0.id,m1_0.mot_de_passe,m1_0.nom,t1_0.mutilisateur_id,t1_1.id,t1_1.date_creation,t1_1.date_limite,t1_1.nom,p1_0.id,p1_0.blob,p1_0.type_contenu from mutilisateur m1_0 left join mutilisateur_taches t1_0 on m1_0.id=t1_0.mutilisateur_id left join mtache t1_1 on t1_1.id=t1_0.taches_id left join mphoto p1_0 on p1_0.id=t1_1.photo_id where m1_0.id=?
2026-04-23T12:25:32.786-04:00  INFO 20216 --- [KickMyB-Tests] [           main] o.s.b.w.e.tomcat.GracefulShutdown        : Commencing graceful shutdown. Waiting for active requests to complete
2026-04-23T12:25:32.794-04:00  INFO 20216 --- [KickMyB-Tests] [tomcat-shutdown] o.s.b.w.e.tomcat.GracefulShutdown        : Graceful shutdown complete
2026-04-23T12:25:32.797-04:00  INFO 20216 --- [KickMyB-Tests] [           main] j.LocalContainerEntityManagerFactoryBean : Closing JPA EntityManagerFactory for persistence unit 'default'
Hibernate: drop table if exists mavancement cascade 
Hibernate: drop table if exists mphoto cascade 
Hibernate: drop table if exists mtache cascade 
Hibernate: drop table if exists mtache_avancements cascade 
Hibernate: drop table if exists mutilisateur cascade 
Hibernate: drop table if exists mutilisateur_taches cascade 
Hibernate: drop sequence if exists mavancement_seq
Hibernate: drop sequence if exists mphoto_seq
Hibernate: drop sequence if exists mtache_seq
Hibernate: drop sequence if exists mutilisateur_seq
2026-04-23T12:25:32.802-04:00  INFO 20216 --- [KickMyB-Tests] [           main] com.zaxxer.hikari.HikariDataSource       : HikariPool-4 - Shutdown initiated...
2026-04-23T12:25:32.803-04:00  INFO 20216 --- [KickMyB-Tests] [           main] com.zaxxer.hikari.HikariDataSource       : HikariPool-4 - Shutdown completed.
]]></system-out>
  </testcase>
  <testcase name="testAjouterTacheNomExistantKo" classname="org.kickmyb.serveur.TestsServiceTache" time="0.13">
    <system-out><![CDATA[2026-04-23T12:25:32.810-04:00  INFO 20216 --- [KickMyB-Tests] [           main] o.s.b.d.r.RestartApplicationListener     : Restart disabled due to context in which it is running

  .   ____          _            __ _ _
 /\\ / ___'_ __ _ _(_)_ __  __ _ \ \ \ \
( ( )\___ | '_ | '_| | '_ \/ _` | \ \ \ \
 \\/  ___)| |_)| | | | | || (_| |  ) ) ) )
  '  |____| .__|_| |_|_| |_\__, | / / / /
 =========|_|==============|___/=/_/_/_/

 :: Spring Boot ::                (v3.4.4)

2026-04-23T12:25:32.845-04:00  INFO 20216 --- [KickMyB-Tests] [           main] org.kickmyb.serveur.TestsServiceTache    : Starting TestsServiceTache using Java 21.0.7 with PID 20216 (started by 2378684 in C:\Users\2378684\Desktop\KickMyB-Server-main)
2026-04-23T12:25:32.846-04:00  INFO 20216 --- [KickMyB-Tests] [           main] org.kickmyb.serveur.TestsServiceTache    : No active profile set, falling back to 1 default profile: "default"
2026-04-23T12:25:33.056-04:00  INFO 20216 --- [KickMyB-Tests] [           main] .s.d.r.c.RepositoryConfigurationDelegate : Bootstrapping Spring Data JPA repositories in DEFAULT mode.
2026-04-23T12:25:33.070-04:00  INFO 20216 --- [KickMyB-Tests] [           main] .s.d.r.c.RepositoryConfigurationDelegate : Finished Spring Data repository scanning in 13 ms. Found 4 JPA repository interfaces.
2026-04-23T12:25:33.135-04:00  INFO 20216 --- [KickMyB-Tests] [           main] o.s.b.w.embedded.tomcat.TomcatWebServer  : Tomcat initialized with port 8080 (http)
2026-04-23T12:25:33.136-04:00  INFO 20216 --- [KickMyB-Tests] [           main] o.apache.catalina.core.StandardService   : Starting service [Tomcat]
2026-04-23T12:25:33.137-04:00  INFO 20216 --- [KickMyB-Tests] [           main] o.apache.catalina.core.StandardEngine    : Starting Servlet engine: [Apache Tomcat/10.1.39]
2026-04-23T12:25:33.172-04:00  INFO 20216 --- [KickMyB-Tests] [           main] o.a.c.c.C.[Tomcat].[localhost].[/]       : Initializing Spring embedded WebApplicationContext
2026-04-23T12:25:33.172-04:00  INFO 20216 --- [KickMyB-Tests] [           main] w.s.c.ServletWebServerApplicationContext : Root WebApplicationContext: initialization completed in 322 ms
2026-04-23T12:25:33.201-04:00  INFO 20216 --- [KickMyB-Tests] [           main] o.hibernate.jpa.internal.util.LogHelper  : HHH000204: Processing PersistenceUnitInfo [name: default]
2026-04-23T12:25:33.204-04:00  INFO 20216 --- [KickMyB-Tests] [           main] o.h.c.internal.RegionFactoryInitiator    : HHH000026: Second-level cache disabled
2026-04-23T12:25:33.211-04:00  INFO 20216 --- [KickMyB-Tests] [           main] o.s.o.j.p.SpringPersistenceUnitInfo      : No LoadTimeWeaver setup: ignoring JPA class transformer
2026-04-23T12:25:33.212-04:00  INFO 20216 --- [KickMyB-Tests] [           main] com.zaxxer.hikari.HikariDataSource       : HikariPool-5 - Starting...
2026-04-23T12:25:33.214-04:00  INFO 20216 --- [KickMyB-Tests] [           main] com.zaxxer.hikari.pool.HikariPool        : HikariPool-5 - Added connection conn40: url=jdbc:h2:mem:tests user=SA
2026-04-23T12:25:33.215-04:00  INFO 20216 --- [KickMyB-Tests] [           main] com.zaxxer.hikari.HikariDataSource       : HikariPool-5 - Start completed.
2026-04-23T12:25:33.215-04:00  WARN 20216 --- [KickMyB-Tests] [           main] org.hibernate.orm.deprecation            : HHH90000025: H2Dialect does not need to be specified explicitly using 'hibernate.dialect' (remove the property setting and it will be selected by default)
2026-04-23T12:25:33.216-04:00  INFO 20216 --- [KickMyB-Tests] [           main] org.hibernate.orm.connections.pooling    : HHH10001005: Database info:
	Database JDBC URL [Connecting through datasource 'HikariDataSource (HikariPool-5)']
	Database driver: undefined/unknown
	Database version: 2.3.232
	Autocommit mode: undefined/unknown
	Isolation level: undefined/unknown
	Minimum pool size: undefined/unknown
	Maximum pool size: undefined/unknown
Hibernate: create global temporary table HTE_mavancement(nouveau_pourcentage integer, rn_ integer not null, date timestamp(6), id bigint, primary key (rn_)) TRANSACTIONAL
Hibernate: create global temporary table HTE_mtache(rn_ integer not null, date_creation timestamp(6), date_limite timestamp(6), id bigint, photo_id bigint, nom varchar(255), primary key (rn_)) TRANSACTIONAL
Hibernate: create global temporary table HTE_mutilisateur(rn_ integer not null, id bigint, mot_de_passe varchar(255), nom varchar(255), primary key (rn_)) TRANSACTIONAL
Hibernate: create global temporary table HTE_mphoto(rn_ integer not null, id bigint, type_contenu varchar(255), blob blob, primary key (rn_)) TRANSACTIONAL
2026-04-23T12:25:33.292-04:00  INFO 20216 --- [KickMyB-Tests] [           main] o.h.e.t.j.p.i.JtaPlatformInitiator       : HHH000489: No JTA platform available (set 'hibernate.transaction.jta.platform' to enable JTA platform integration)
Hibernate: drop table if exists mavancement cascade 
Hibernate: drop table if exists mphoto cascade 
Hibernate: drop table if exists mtache cascade 
Hibernate: drop table if exists mtache_avancements cascade 
Hibernate: drop table if exists mutilisateur cascade 
Hibernate: drop table if exists mutilisateur_taches cascade 
Hibernate: drop sequence if exists mavancement_seq
Hibernate: drop sequence if exists mphoto_seq
Hibernate: drop sequence if exists mtache_seq
Hibernate: drop sequence if exists mutilisateur_seq
Hibernate: create sequence mavancement_seq start with 1 increment by 50
Hibernate: create sequence mphoto_seq start with 1 increment by 50
Hibernate: create sequence mtache_seq start with 1 increment by 50
Hibernate: create sequence mutilisateur_seq start with 1 increment by 50
Hibernate: create table mavancement (nouveau_pourcentage integer not null, date timestamp(6), id bigint not null, primary key (id))
Hibernate: create table mphoto (id bigint not null, type_contenu varchar(255), blob blob, primary key (id))
Hibernate: create table mtache (date_creation timestamp(6), date_limite timestamp(6), id bigint not null, photo_id bigint unique, nom varchar(255), primary key (id))
Hibernate: create table mtache_avancements (avancements_id bigint not null unique, mtache_id bigint not null)
Hibernate: create table mutilisateur (id bigint not null, mot_de_passe varchar(255), nom varchar(255) unique, primary key (id))
Hibernate: create table mutilisateur_taches (mutilisateur_id bigint not null, taches_id bigint not null unique)
Hibernate: alter table if exists mtache add constraint FK7bodqs027exkofb92rcfgtknw foreign key (photo_id) references mphoto
Hibernate: alter table if exists mtache_avancements add constraint FKepvlc1eti28nj6hhq43n285ke foreign key (avancements_id) references mavancement
Hibernate: alter table if exists mtache_avancements add constraint FKb6r3ex650u7x2ex6mm1cw7p0m foreign key (mtache_id) references mtache
Hibernate: alter table if exists mutilisateur_taches add constraint FKs2lpcbxdux4u4h936r6r4x7my foreign key (taches_id) references mtache
Hibernate: alter table if exists mutilisateur_taches add constraint FKmntqqsqph01mai4j8qjmc5v7j foreign key (mutilisateur_id) references mutilisateur
2026-04-23T12:25:33.304-04:00  INFO 20216 --- [KickMyB-Tests] [           main] j.LocalContainerEntityManagerFactoryBean : Initialized JPA EntityManagerFactory for persistence unit 'default'
2026-04-23T12:25:33.351-04:00  WARN 20216 --- [KickMyB-Tests] [           main] JpaBaseConfiguration$JpaWebConfiguration : spring.jpa.open-in-view is enabled by default. Therefore, database queries may be performed during view rendering. Explicitly configure spring.jpa.open-in-view to disable this warning
2026-04-23T12:25:33.356-04:00  INFO 20216 --- [KickMyB-Tests] [           main] r$InitializeUserDetailsManagerConfigurer : Global AuthenticationManager configured with UserDetailsService bean with name serviceUtilisateur
2026-04-23T12:25:33.366-04:00  INFO 20216 --- [KickMyB-Tests] [           main] o.s.b.a.w.s.WelcomePageHandlerMapping    : Adding welcome page template: index
2026-04-23T12:25:33.434-04:00  INFO 20216 --- [KickMyB-Tests] [           main] o.s.v.b.OptionalValidatorFactoryBean     : Failed to set up a Bean Validation provider: jakarta.validation.NoProviderFoundException: Unable to create a Configuration, because no Jakarta Bean Validation provider could be found. Add a provider like Hibernate Validator (RI) to your classpath.
2026-04-23T12:25:33.467-04:00  INFO 20216 --- [KickMyB-Tests] [           main] o.s.b.a.h2.H2ConsoleAutoConfiguration    : H2 console available at '/h2-console'. Database available at 'jdbc:h2:mem:tests'
2026-04-23T12:25:33.497-04:00  INFO 20216 --- [KickMyB-Tests] [           main] o.s.b.w.embedded.tomcat.TomcatWebServer  : Tomcat started on port 8080 (http) with context path '/'
2026-04-23T12:25:33.499-04:00  INFO 20216 --- [KickMyB-Tests] [           main] org.kickmyb.serveur.TestsServiceTache    : Started TestsServiceTache in 0.69 seconds (process running for 16.145)
Hibernate: select next value for mutilisateur_seq
Hibernate: insert into mutilisateur (mot_de_passe,nom,id) values (?,?,?)
Hibernate: select m1_0.id,m1_0.mot_de_passe,m1_0.nom from mutilisateur m1_0 where m1_0.nom=?
Hibernate: select t1_0.mutilisateur_id,t1_1.id,t1_1.date_creation,t1_1.date_limite,t1_1.nom,p1_0.id,p1_0.blob,p1_0.type_contenu from mutilisateur_taches t1_0 join mtache t1_1 on t1_1.id=t1_0.taches_id left join mphoto p1_0 on p1_0.id=t1_1.photo_id where t1_0.mutilisateur_id=?
Hibernate: select m1_0.id,m1_0.mot_de_passe,m1_0.nom,t1_0.mutilisateur_id,t1_1.id,t1_1.date_creation,t1_1.date_limite,t1_1.nom,p1_0.id,p1_0.blob,p1_0.type_contenu from mutilisateur m1_0 left join mutilisateur_taches t1_0 on m1_0.id=t1_0.mutilisateur_id left join mtache t1_1 on t1_1.id=t1_0.taches_id left join mphoto p1_0 on p1_0.id=t1_1.photo_id where m1_0.id=?
Hibernate: select next value for mtache_seq
Hibernate: insert into mtache (date_creation,date_limite,nom,photo_id,id) values (?,?,?,?,?)
Hibernate: insert into mutilisateur_taches (mutilisateur_id,taches_id) values (?,?)
Hibernate: select m1_0.id,m1_0.mot_de_passe,m1_0.nom,t1_0.mutilisateur_id,t1_1.id,t1_1.date_creation,t1_1.date_limite,t1_1.nom,p1_0.id,p1_0.blob,p1_0.type_contenu from mutilisateur m1_0 left join mutilisateur_taches t1_0 on m1_0.id=t1_0.mutilisateur_id left join mtache t1_1 on t1_1.id=t1_0.taches_id left join mphoto p1_0 on p1_0.id=t1_1.photo_id where m1_0.id=?
Hibernate: select a1_0.mtache_id,a1_1.id,a1_1.date,a1_1.nouveau_pourcentage from mtache_avancements a1_0 join mavancement a1_1 on a1_1.id=a1_0.avancements_id where a1_0.mtache_id=?
Hibernate: select m1_0.id,m1_0.mot_de_passe,m1_0.nom,t1_0.mutilisateur_id,t1_1.id,t1_1.date_creation,t1_1.date_limite,t1_1.nom,p1_0.id,p1_0.blob,p1_0.type_contenu from mutilisateur m1_0 left join mutilisateur_taches t1_0 on m1_0.id=t1_0.mutilisateur_id left join mtache t1_1 on t1_1.id=t1_0.taches_id left join mphoto p1_0 on p1_0.id=t1_1.photo_id where m1_0.id=?
Hibernate: select a1_0.mtache_id,a1_1.id,a1_1.date,a1_1.nouveau_pourcentage from mtache_avancements a1_0 join mavancement a1_1 on a1_1.id=a1_0.avancements_id where a1_0.mtache_id=?
Hibernate: select m1_0.id,m1_0.mot_de_passe,m1_0.nom,t1_0.mutilisateur_id,t1_1.id,t1_1.date_creation,t1_1.date_limite,t1_1.nom,p1_0.id,p1_0.blob,p1_0.type_contenu from mutilisateur m1_0 left join mutilisateur_taches t1_0 on m1_0.id=t1_0.mutilisateur_id left join mtache t1_1 on t1_1.id=t1_0.taches_id left join mphoto p1_0 on p1_0.id=t1_1.photo_id where m1_0.id=?
Hibernate: select a1_0.mtache_id,a1_1.id,a1_1.date,a1_1.nouveau_pourcentage from mtache_avancements a1_0 join mavancement a1_1 on a1_1.id=a1_0.avancements_id where a1_0.mtache_id=?
2026-04-23T12:25:33.607-04:00  INFO 20216 --- [KickMyB-Tests] [           main] o.s.b.w.e.tomcat.GracefulShutdown        : Commencing graceful shutdown. Waiting for active requests to complete
2026-04-23T12:25:33.621-04:00  INFO 20216 --- [KickMyB-Tests] [tomcat-shutdown] o.s.b.w.e.tomcat.GracefulShutdown        : Graceful shutdown complete
2026-04-23T12:25:33.623-04:00  INFO 20216 --- [KickMyB-Tests] [           main] j.LocalContainerEntityManagerFactoryBean : Closing JPA EntityManagerFactory for persistence unit 'default'
Hibernate: drop table if exists mavancement cascade 
Hibernate: drop table if exists mphoto cascade 
Hibernate: drop table if exists mtache cascade 
Hibernate: drop table if exists mtache_avancements cascade 
Hibernate: drop table if exists mutilisateur cascade 
Hibernate: drop table if exists mutilisateur_taches cascade 
Hibernate: drop sequence if exists mavancement_seq
Hibernate: drop sequence if exists mphoto_seq
Hibernate: drop sequence if exists mtache_seq
Hibernate: drop sequence if exists mutilisateur_seq
2026-04-23T12:25:33.626-04:00  INFO 20216 --- [KickMyB-Tests] [           main] com.zaxxer.hikari.HikariDataSource       : HikariPool-5 - Shutdown initiated...
2026-04-23T12:25:33.628-04:00  INFO 20216 --- [KickMyB-Tests] [           main] com.zaxxer.hikari.HikariDataSource       : HikariPool-5 - Shutdown completed.
]]></system-out>
  </testcase>
</testsuite>