<?xml version="1.0" encoding="UTF-8"?>
<testsuite xmlns:xsi="http://www.w3.org/2001/XMLSchema-instance" xsi:noNamespaceSchemaLocation="https://maven.apache.org/surefire/maven-surefire-plugin/xsd/surefire-test-report.xsd" version="3.0.2" name="org.kickmyb.serveur.TestsServiceUtilisateur" time="0.936" tests="2" errors="0" skipped="0" failures="0">
  <properties>
[...]
</properties>
  <testcase name="testInscrireAndSignin" classname="org.kickmyb.serveur.TestsServiceUtilisateur" time="0.136">
    <system-out><![CDATA[2026-04-23T12:25:33.640-04:00  INFO 20216 --- [KickMyB-Tests] [           main] o.s.b.d.r.RestartApplicationListener     : Restart disabled due to context in which it is running

  .   ____          _            __ _ _
 /\\ / ___'_ __ _ _(_)_ __  __ _ \ \ \ \
( ( )\___ | '_ | '_| | '_ \/ _` | \ \ \ \
 \\/  ___)| |_)| | | | | || (_| |  ) ) ) )
  '  |____| .__|_| |_|_| |_\__, | / / / /
 =========|_|==============|___/=/_/_/_/

 :: Spring Boot ::                (v3.4.4)

2026-04-23T12:25:33.662-04:00  INFO 20216 --- [KickMyB-Tests] [           main] o.k.serveur.TestsServiceUtilisateur      : Starting TestsServiceUtilisateur using Java 21.0.7 with PID 20216 (started by 2378684 in C:\Users\2378684\Desktop\KickMyB-Server-main)
2026-04-23T12:25:33.663-04:00  INFO 20216 --- [KickMyB-Tests] [           main] o.k.serveur.TestsServiceUtilisateur      : No active profile set, falling back to 1 default profile: "default"
2026-04-23T12:25:33.814-04:00  INFO 20216 --- [KickMyB-Tests] [           main] .s.d.r.c.RepositoryConfigurationDelegate : Bootstrapping Spring Data JPA repositories in DEFAULT mode.
2026-04-23T12:25:33.826-04:00  INFO 20216 --- [KickMyB-Tests] [           main] .s.d.r.c.RepositoryConfigurationDelegate : Finished Spring Data repository scanning in 11 ms. Found 4 JPA repository interfaces.
2026-04-23T12:25:33.895-04:00  INFO 20216 --- [KickMyB-Tests] [           main] o.s.b.w.embedded.tomcat.TomcatWebServer  : Tomcat initialized with port 8080 (http)
2026-04-23T12:25:33.896-04:00  INFO 20216 --- [KickMyB-Tests] [           main] o.apache.catalina.core.StandardService   : Starting service [Tomcat]
2026-04-23T12:25:33.896-04:00  INFO 20216 --- [KickMyB-Tests] [           main] o.apache.catalina.core.StandardEngine    : Starting Servlet engine: [Apache Tomcat/10.1.39]
2026-04-23T12:25:33.925-04:00  INFO 20216 --- [KickMyB-Tests] [           main] o.a.c.c.C.[Tomcat].[localhost].[/]       : Initializing Spring embedded WebApplicationContext
2026-04-23T12:25:33.926-04:00  INFO 20216 --- [KickMyB-Tests] [           main] w.s.c.ServletWebServerApplicationContext : Root WebApplicationContext: initialization completed in 262 ms
2026-04-23T12:25:33.953-04:00  INFO 20216 --- [KickMyB-Tests] [           main] o.hibernate.jpa.internal.util.LogHelper  : HHH000204: Processing PersistenceUnitInfo [name: default]
2026-04-23T12:25:33.956-04:00  INFO 20216 --- [KickMyB-Tests] [           main] o.h.c.internal.RegionFactoryInitiator    : HHH000026: Second-level cache disabled
2026-04-23T12:25:33.964-04:00  INFO 20216 --- [KickMyB-Tests] [           main] o.s.o.j.p.SpringPersistenceUnitInfo      : No LoadTimeWeaver setup: ignoring JPA class transformer
2026-04-23T12:25:33.965-04:00  INFO 20216 --- [KickMyB-Tests] [           main] com.zaxxer.hikari.HikariDataSource       : HikariPool-6 - Starting...
2026-04-23T12:25:33.967-04:00  INFO 20216 --- [KickMyB-Tests] [           main] com.zaxxer.hikari.pool.HikariPool        : HikariPool-6 - Added connection conn50: url=jdbc:h2:mem:tests user=SA
2026-04-23T12:25:33.967-04:00  INFO 20216 --- [KickMyB-Tests] [           main] com.zaxxer.hikari.HikariDataSource       : HikariPool-6 - Start completed.
2026-04-23T12:25:33.967-04:00  WARN 20216 --- [KickMyB-Tests] [           main] org.hibernate.orm.deprecation            : HHH90000025: H2Dialect does not need to be specified explicitly using 'hibernate.dialect' (remove the property setting and it will be selected by default)
2026-04-23T12:25:33.967-04:00  INFO 20216 --- [KickMyB-Tests] [           main] org.hibernate.orm.connections.pooling    : HHH10001005: Database info:
	Database JDBC URL [Connecting through datasource 'HikariDataSource (HikariPool-6)']
	Database driver: undefined/unknown
	Database version: 2.3.232
	Autocommit mode: undefined/unknown
	Isolation level: undefined/unknown
	Minimum pool size: undefined/unknown
	Maximum pool size: undefined/unknown
Hibernate: create global temporary table HTE_mavancement(nouveau_pourcentage integer, rn_ integer not null, date timestamp(6), id bigint, primary key (rn_)) TRANSACTIONAL
Hibernate: create global temporary table HTE_mtache(rn_ integer not null, date_creation timestamp(6), date_limite timestamp(6), id bigint, photo_id bigint, nom varchar(255), primary key (rn_)) TRANSACTIONAL
Hibernate: create global temporary table HTE_mutilisateur(rn_ integer not null, id bigint, mot_de_passe varchar(255), nom varchar(255), primary key (rn_)) TRANSACTIONAL
Hibernate: create global temporary table HTE_mphoto(rn_ integer not null, id bigint, type_contenu varchar(255), blob blob, primary key (rn_)) TRANSACTIONAL
2026-04-23T12:25:34.042-04:00  INFO 20216 --- [KickMyB-Tests] [           main] o.h.e.t.j.p.i.JtaPlatformInitiator       : HHH000489: No JTA platform available (set 'hibernate.transaction.jta.platform' to enable JTA platform integration)
Hibernate: drop table if exists mavancement cascade 
Hibernate: drop table if exists mphoto cascade 
Hibernate: drop table if exists mtache cascade 
Hibernate: drop table if exists mtache_avancements cascade 
Hibernate: drop table if exists mutilisateur cascade 
Hibernate: drop table if exists mutilisateur_taches cascade 
Hibernate: drop sequence if exists mavancement_seq
Hibernate: drop sequence if exists mphoto_seq
Hibernate: drop sequence if exists mtache_seq
Hibernate: drop sequence if exists mutilisateur_seq
Hibernate: create sequence mavancement_seq start with 1 increment by 50
Hibernate: create sequence mphoto_seq start with 1 increment by 50
Hibernate: create sequence mtache_seq start with 1 increment by 50
Hibernate: create sequence mutilisateur_seq start with 1 increment by 50
Hibernate: create table mavancement (nouveau_pourcentage integer not null, date timestamp(6), id bigint not null, primary key (id))
Hibernate: create table mphoto (id bigint not null, type_contenu varchar(255), blob blob, primary key (id))
Hibernate: create table mtache (date_creation timestamp(6), date_limite timestamp(6), id bigint not null, photo_id bigint unique, nom varchar(255), primary key (id))
Hibernate: create table mtache_avancements (avancements_id bigint not null unique, mtache_id bigint not null)
Hibernate: create table mutilisateur (id bigint not null, mot_de_passe varchar(255), nom varchar(255) unique, primary key (id))
Hibernate: create table mutilisateur_taches (mutilisateur_id bigint not null, taches_id bigint not null unique)
Hibernate: alter table if exists mtache add constraint FK7bodqs027exkofb92rcfgtknw foreign key (photo_id) references mphoto
Hibernate: alter table if exists mtache_avancements add constraint FKepvlc1eti28nj6hhq43n285ke foreign key (avancements_id) references mavancement
Hibernate: alter table if exists mtache_avancements add constraint FKb6r3ex650u7x2ex6mm1cw7p0m foreign key (mtache_id) references mtache
Hibernate: alter table if exists mutilisateur_taches add constraint FKs2lpcbxdux4u4h936r6r4x7my foreign key (taches_id) references mtache
Hibernate: alter table if exists mutilisateur_taches add constraint FKmntqqsqph01mai4j8qjmc5v7j foreign key (mutilisateur_id) references mutilisateur
2026-04-23T12:25:34.054-04:00  INFO 20216 --- [KickMyB-Tests] [           main] j.LocalContainerEntityManagerFactoryBean : Initialized JPA EntityManagerFactory for persistence unit 'default'
2026-04-23T12:25:34.110-04:00  WARN 20216 --- [KickMyB-Tests] [           main] JpaBaseConfiguration$JpaWebConfiguration : spring.jpa.open-in-view is enabled by default. Therefore, database queries may be performed during view rendering. Explicitly configure spring.jpa.open-in-view to disable this warning
2026-04-23T12:25:34.116-04:00  INFO 20216 --- [KickMyB-Tests] [           main] r$InitializeUserDetailsManagerConfigurer : Global AuthenticationManager configured with UserDetailsService bean with name serviceUtilisateur
2026-04-23T12:25:34.128-04:00  INFO 20216 --- [KickMyB-Tests] [           main] o.s.b.a.w.s.WelcomePageHandlerMapping    : Adding welcome page template: index
2026-04-23T12:25:34.182-04:00  INFO 20216 --- [KickMyB-Tests] [           main] o.s.v.b.OptionalValidatorFactoryBean     : Failed to set up a Bean Validation provider: jakarta.validation.NoProviderFoundException: Unable to create a Configuration, because no Jakarta Bean Validation provider could be found. Add a provider like Hibernate Validator (RI) to your classpath.
2026-04-23T12:25:34.222-04:00  INFO 20216 --- [KickMyB-Tests] [           main] o.s.b.a.h2.H2ConsoleAutoConfiguration    : H2 console available at '/h2-console'. Database available at 'jdbc:h2:mem:tests'
2026-04-23T12:25:34.245-04:00  INFO 20216 --- [KickMyB-Tests] [           main] o.s.b.w.embedded.tomcat.TomcatWebServer  : Tomcat started on port 8080 (http) with context path '/'
2026-04-23T12:25:34.248-04:00  INFO 20216 --- [KickMyB-Tests] [           main] o.k.serveur.TestsServiceUtilisateur      : Started TestsServiceUtilisateur in 0.608 seconds (process running for 16.893)
Hibernate: select next value for mutilisateur_seq
Hibernate: insert into mutilisateur (mot_de_passe,nom,id) values (?,?,?)
Hibernate: select m1_0.id,m1_0.mot_de_passe,m1_0.nom from mutilisateur m1_0 where m1_0.nom=?
Hibernate: select t1_0.mutilisateur_id,t1_1.id,t1_1.date_creation,t1_1.date_limite,t1_1.nom,p1_0.id,p1_0.blob,p1_0.type_contenu from mutilisateur_taches t1_0 join mtache t1_1 on t1_1.id=t1_0.taches_id left join mphoto p1_0 on p1_0.id=t1_1.photo_id where t1_0.mutilisateur_id=?
]]></system-out>
  </testcase>
  <testcase name="testNoDuplicate" classname="org.kickmyb.serveur.TestsServiceUtilisateur" time="0.18">
    <system-out><![CDATA[Hibernate: select next value for mutilisateur_seq
Hibernate: insert into mutilisateur (mot_de_passe,nom,id) values (?,?,?)
Hibernate: insert into mutilisateur (mot_de_passe,nom,id) values (?,?,?)
2026-04-23T12:25:34.557-04:00  WARN 20216 --- [KickMyB-Tests] [           main] o.h.engine.jdbc.spi.SqlExceptionHelper   : SQL Error: 23505, SQLState: 23505
2026-04-23T12:25:34.557-04:00 ERROR 20216 --- [KickMyB-Tests] [           main] o.h.engine.jdbc.spi.SqlExceptionHelper   : Violation d'index unique ou clé primaire: "PUBLIC.CONSTRAINT_INDEX_A ON PUBLIC.MUTILISATEUR(NOM NULLS FIRST) VALUES ( /* 2 */ 'test' )"
Unique index or primary key violation: "PUBLIC.CONSTRAINT_INDEX_A ON PUBLIC.MUTILISATEUR(NOM NULLS FIRST) VALUES ( /* 2 */ 'test' )"; SQL statement:
insert into mutilisateur (mot_de_passe,nom,id) values (?,?,?) [23505-232]
]]></system-out>
  </testcase>
</testsuite>