<?xml version="1.0" encoding="UTF-8"?>
<testsuite xmlns:xsi="http://www.w3.org/2001/XMLSchema-instance" xsi:noNamespaceSchemaLocation="https://maven.apache.org/surefire/maven-surefire-plugin/xsd/surefire-test-report.xsd" version="3.0.2" name="org.kickmyb.serveur.TestsApplicationWeb" time="9.662" tests="1" errors="0" skipped="0" failures="0">
  <properties>
[...]
</properties>
  <testcase name="shouldReturnDefaultMessage" classname="org.kickmyb.serveur.TestsApplicationWeb" time="2.167">
    <system-out><![CDATA[12:25:18.538 [main] INFO org.springframework.test.context.support.AnnotationConfigContextLoaderUtils -- Could not detect default configuration classes for test class [org.kickmyb.serveur.TestsApplicationWeb]: TestsApplicationWeb does not declare any static, non-private, non-final, nested classes annotated with @Configuration.
12:25:18.740 [main] INFO org.springframework.boot.test.context.SpringBootTestContextBootstrapper -- Found @SpringBootConfiguration org.kickmyb.serveur.KickMyBServerApplication for test class org.kickmyb.serveur.TestsApplicationWeb
12:25:19.016 [main] INFO org.springframework.boot.devtools.restart.RestartApplicationListener -- Restart disabled due to context in which it is running

  .   ____          _            __ _ _
 /\\ / ___'_ __ _ _(_)_ __  __ _ \ \ \ \
( ( )\___ | '_ | '_| | '_ \/ _` | \ \ \ \
 \\/  ___)| |_)| | | | | || (_| |  ) ) ) )
  '  |____| .__|_| |_|_| |_\__, | / / / /
 =========|_|==============|___/=/_/_/_/

 :: Spring Boot ::                (v3.4.4)

2026-04-23T12:25:19.531-04:00  INFO 20216 --- [KickMyB] [           main] o.kickmyb.serveur.TestsApplicationWeb    : Starting TestsApplicationWeb using Java 21.0.7 with PID 20216 (started by 2378684 in C:\Users\2378684\Desktop\KickMyB-Server-main)
2026-04-23T12:25:19.533-04:00  INFO 20216 --- [KickMyB] [           main] o.kickmyb.serveur.TestsApplicationWeb    : No active profile set, falling back to 1 default profile: "default"
2026-04-23T12:25:20.698-04:00  INFO 20216 --- [KickMyB] [           main] .s.d.r.c.RepositoryConfigurationDelegate : Bootstrapping Spring Data JPA repositories in DEFAULT mode.
2026-04-23T12:25:20.790-04:00  INFO 20216 --- [KickMyB] [           main] .s.d.r.c.RepositoryConfigurationDelegate : Finished Spring Data repository scanning in 78 ms. Found 4 JPA repository interfaces.
2026-04-23T12:25:21.547-04:00  INFO 20216 --- [KickMyB] [           main] o.hibernate.jpa.internal.util.LogHelper  : HHH000204: Processing PersistenceUnitInfo [name: default]
2026-04-23T12:25:21.615-04:00  INFO 20216 --- [KickMyB] [           main] org.hibernate.Version                    : HHH000412: Hibernate ORM core version 6.6.11.Final
2026-04-23T12:25:21.657-04:00  INFO 20216 --- [KickMyB] [           main] o.h.c.internal.RegionFactoryInitiator    : HHH000026: Second-level cache disabled
2026-04-23T12:25:22.107-04:00  INFO 20216 --- [KickMyB] [           main] o.s.o.j.p.SpringPersistenceUnitInfo      : No LoadTimeWeaver setup: ignoring JPA class transformer
2026-04-23T12:25:22.146-04:00  INFO 20216 --- [KickMyB] [           main] com.zaxxer.hikari.HikariDataSource       : HikariPool-1 - Starting...
2026-04-23T12:25:22.460-04:00  INFO 20216 --- [KickMyB] [           main] com.zaxxer.hikari.pool.HikariPool        : HikariPool-1 - Added connection conn0: url=jdbc:h2:file:./db/proditos user=SA
2026-04-23T12:25:22.462-04:00  INFO 20216 --- [KickMyB] [           main] com.zaxxer.hikari.HikariDataSource       : HikariPool-1 - Start completed.
2026-04-23T12:25:22.506-04:00  WARN 20216 --- [KickMyB] [           main] org.hibernate.orm.deprecation            : HHH90000025: H2Dialect does not need to be specified explicitly using 'hibernate.dialect' (remove the property setting and it will be selected by default)
2026-04-23T12:25:22.531-04:00  INFO 20216 --- [KickMyB] [           main] org.hibernate.orm.connections.pooling    : HHH10001005: Database info:
	Database JDBC URL [Connecting through datasource 'HikariDataSource (HikariPool-1)']
	Database driver: undefined/unknown
	Database version: 2.3.232
	Autocommit mode: undefined/unknown
	Isolation level: undefined/unknown
	Minimum pool size: undefined/unknown
	Maximum pool size: undefined/unknown
2026-04-23T12:25:23.805-04:00  INFO 20216 --- [KickMyB] [           main] o.h.e.t.j.p.i.JtaPlatformInitiator       : HHH000489: No JTA platform available (set 'hibernate.transaction.jta.platform' to enable JTA platform integration)
2026-04-23T12:25:23.868-04:00  INFO 20216 --- [KickMyB] [           main] j.LocalContainerEntityManagerFactoryBean : Initialized JPA EntityManagerFactory for persistence unit 'default'
2026-04-23T12:25:24.511-04:00  WARN 20216 --- [KickMyB] [           main] JpaBaseConfiguration$JpaWebConfiguration : spring.jpa.open-in-view is enabled by default. Therefore, database queries may be performed during view rendering. Explicitly configure spring.jpa.open-in-view to disable this warning
2026-04-23T12:25:24.561-04:00  INFO 20216 --- [KickMyB] [           main] r$InitializeUserDetailsManagerConfigurer : Global AuthenticationManager configured with UserDetailsService bean with name serviceUtilisateur
2026-04-23T12:25:24.762-04:00  INFO 20216 --- [KickMyB] [           main] o.s.b.a.w.s.WelcomePageHandlerMapping    : Adding welcome page template: index
2026-04-23T12:25:25.251-04:00  INFO 20216 --- [KickMyB] [           main] o.s.v.b.OptionalValidatorFactoryBean     : Failed to set up a Bean Validation provider: jakarta.validation.NoProviderFoundException: Unable to create a Configuration, because no Jakarta Bean Validation provider could be found. Add a provider like Hibernate Validator (RI) to your classpath.
2026-04-23T12:25:25.616-04:00  INFO 20216 --- [KickMyB] [           main] o.s.b.a.h2.H2ConsoleAutoConfiguration    : H2 console available at '/h2-console'. Database available at 'jdbc:h2:file:./db/proditos'
2026-04-23T12:25:25.749-04:00  INFO 20216 --- [KickMyB] [           main] o.s.b.t.m.w.SpringBootMockServletContext : Initializing Spring TestDispatcherServlet ''
2026-04-23T12:25:25.749-04:00  INFO 20216 --- [KickMyB] [           main] o.s.t.web.servlet.TestDispatcherServlet  : Initializing Servlet ''
2026-04-23T12:25:25.752-04:00  INFO 20216 --- [KickMyB] [           main] o.s.t.web.servlet.TestDispatcherServlet  : Completed initialization in 2 ms
2026-04-23T12:25:25.798-04:00  INFO 20216 --- [KickMyB] [           main] o.kickmyb.serveur.TestsApplicationWeb    : Started TestsApplicationWeb in 6.798 seconds (process running for 8.443)

MockHttpServletRequest:
      HTTP Method = GET
      Request URI = /
       Parameters = {}
          Headers = []
             Body = null
    Session Attrs = {}

Handler:
             Type = org.kickmyb.serveur.mvc.ControllerDemoMVC
           Method = org.kickmyb.serveur.mvc.ControllerDemoMVC#index(Model)

Async:
    Async started = false
     Async result = null

Resolved Exception:
             Type = null

ModelAndView:
        View name = index
             View = null
        Attribute = message
            value = Salut le monde!

FlashMap:
       Attributes = null

MockHttpServletResponse:
           Status = 200
    Error message = null
          Headers = [Content-Language:"en", Content-Type:"text/html;charset=UTF-8", X-Content-Type-Options:"nosniff", X-XSS-Protection:"0", Cache-Control:"no-cache, no-store, max-age=0, must-revalidate", Pragma:"no-cache", Expires:"0"]
     Content type = text/html;charset=UTF-8
             Body = <!DOCTYPE HTML>
<html>
<head>
    <title>Le serveur</title>
    <meta http-equiv="Content-Type" content="text/html; charset=UTF-8" />
    <link href="https://cdn.jsdelivr.net/npm/bulma@1.0.3/css/bulma.min.css" rel="stylesheet">
    <link rel="stylesheet" href="https://cdn.jsdelivr.net/npm/@fortawesome/fontawesome-free/css/all.min.css">
    <style>
        body {
            background: linear-gradient(135deg, #f5f7fa 0%, #c3cfe2 100%);
            min-height: 100vh;
        }
        .logo {
            width: 60px;
            margin-right: 15px;
        }
        .hero.is-primary {
            background: linear-gradient(120deg, #00c6ff 0%, #0072ff 100%);
        }
        .box {
            min-height: 270px;
        }
        footer {
            background: #222;
            color: #fff;
            padding: 1.5rem 0;
            text-align: center;
            margin-top: 2rem;
        }
        .mvc-list {
            list-style: disc;
            margin-left: 1.5rem;
            text-align: left;
        }
        .mvc-list li {
            margin-bottom: 0.5rem;
            padding-left: 0.5rem;
        }
        .main-title {
            color: #222;
            font-weight: 700;
            text-shadow: 1px 1px 3px rgba(0, 0, 0, 0.1);
        }
    </style>
</head>
<body>
<!-- Hero section avec logo -->
<section class="hero is-primary">
    <div class="hero-body">
        <div class="container is-flex is-align-items-center">
            <img src="https://cdn-icons-png.flaticon.com/512/190/190411.png" alt="Logo" class="logo">
            <div>
                <h1 class="title">
                    Bienvenue sur le serveur de KickMyB
                </h1>
                <h2 class="subtitle">
                    Incluant la documentation de l'API
                </h2>
                <p class="has-text-weight-semibold" >Yo, Salut le monde!!</p>
            </div>
        </div>
    </div>
</section>

<section class="section">
    <div class="container">
        <h1 class="title has-text-centered mb-6 main-title has-text-dark">API pour les tâches</h1>
        <div class="columns is-multiline">
            <!-- Swagger -->
            <div class="column is-one-third">
                <div class="box has-text-centered">
                    <span class="icon is-large has-text-info">
                        <i class="fas fa-book fa-2x"></i>
                    </span>
                    <h2 class="subtitle mt-2">Documentation Swagger pour le serveur</h2>
                    <a class="button is-link is-light mb-1" href="swagger-ui/index.html">
                        <span class="icon"><i class="fas fa-file-alt"></i></span>
                        <span>Page HTML</span>
                    </a>
                    <br>
                    <a class="button is-info is-light mb-1" href="v3/api-docs">
                        <span class="icon"><i class="fas fa-code"></i></span>
                        <span>Fichier JSON</span>
                    </a>
                    <br>
                    <a class="button is-info is-light" href="v3/api-docs.yaml">
                        <span class="icon"><i class="fas fa-file-code"></i></span>
                        <span>Fichier YAML</span>
                    </a>
                </div>
            </div>
            <!-- H2 Console -->
            <div class="column is-one-third">
                <div class="box has-text-centered">
                    <span class="icon is-large has-text-success">
                        <i class="fas fa-database fa-2x"></i>
                    </span>
                    <h2 class="subtitle mt-2">Lien vers la console H2</h2>
                    <a class="button is-success is-light mb-2" href="/h2-console">
                        <span class="icon"><i class="fas fa-terminal"></i></span>
                        <span>Console d'admin de la BD</span>
                    </a>
                    <ul class="has-text-left mt-3">
                        <li><strong>JDBC URL :</strong> jdbc:h2:file:./db/proditos</li>
                        <li><strong>User Name :</strong> sa</li>
                        <li><strong>Password :</strong> (vide)</li>
                        <li><strong>Appuyer sur Connect</strong></li>
                    </ul>
                </div>
            </div>
            <!-- Demo MVC -->
            <div class="column is-one-third">
                <div class="box has-text-centered">
                    <span class="icon is-large has-text-warning">
                        <i class="fas fa-laptop-code fa-2x"></i>
                    </span>
                    <h2 class="subtitle mt-2">Démo de page MVC en Spring Boot</h2>
                    <ul class="mvc-list mt-3">
                        <li>Exemple de MVC avec Spring Boot</li>
                        <li>Le contrôleur <strong>ControllerDemoMVC</strong> contient la méthode <strong>index</strong> qui répond en GET sur la racine (<strong>/</strong>)</li>
                        <li>Si le type de retour est <strong>String</strong> sans annotation, Spring Boot cherche un gabarit HTML</li>
                        <li>Si on retourne <strong>index</strong>, Spring Boot cherche un gabarit <strong>index.html</strong> dans les ressources statiques</li>
                        <li>Ce fichier est un gabarit <strong>ThymeLeaf</strong></li>
                    </ul>
                </div>
            </div>
        </div>
    </div>
</section>

<footer>
    <span>KickMyB Server &copy; 2024 &mdash; Réalisé avec <span class="icon has-text-danger"><i class="fas fa-heart"></i></span> et Bulma</span>
</footer>
</body>
</html>

    Forwarded URL = null
   Redirected URL = null
          Cookies = []
]]></system-out>
    <system-err><![CDATA[Mockito is currently self-attaching to enable the inline-mock-maker. This will no longer work in future releases of the JDK. Please add Mockito as an agent to your build what is described in Mockito's documentation: https://javadoc.io/doc/org.mockito/mockito-core/latest/org/mockito/Mockito.html#0.3
WARNING: A Java agent has been loaded dynamically (C:\Users\2378684\.m2\repository\net\bytebuddy\byte-buddy-agent\1.15.11\byte-buddy-agent-1.15.11.jar)
WARNING: If a serviceability tool is in use, please run with -XX:+EnableDynamicAgentLoading to hide this warning
WARNING: If a serviceability tool is not in use, please run with -Djdk.instrument.traceUsage for more information
WARNING: Dynamic loading of agents will be disallowed by default in a future release
]]></system-err>
  </testcase>
</testsuite>